build/app/outputs/mapping/release/mapping.txt
# compiler: R8
# compiler_version: 1.5.64
# min_api: 16
# pg_map_id: b59cc4f
...
com.facebook.internal.BundleJSONConverter$3 -> com.facebook.internal.c$c:
    void setOnBundle(android.os.Bundle,java.lang.String,java.lang.Object) -> a
com.facebook.internal.BundleJSONConverter$4 -> com.facebook.internal.c$d:
    void setOnBundle(android.os.Bundle,java.lang.String,java.lang.Object) -> a
com.facebook.internal.BundleJSONConverter$5 -> com.facebook.internal.c$e:
    void setOnBundle(android.os.Bundle,java.lang.String,java.lang.Object) -> a
com.facebook.internal.BundleJSONConverter$6 -> com.facebook.internal.c$f:
    void setOnBundle(android.os.Bundle,java.lang.String,java.lang.Object) -> a
com.facebook.internal.BundleJSONConverter$7 -> com.facebook.internal.c$g:
    void setOnBundle(android.os.Bundle,java.lang.String,java.lang.Object) -> a
com.facebook.internal.BundleJSONConverter$Setter -> com.facebook.internal.c$h:
    void setOnBundle(android.os.Bundle,java.lang.String,java.lang.Object) -> a
com.facebook.internal.CallbackManagerImpl -> com.facebook.internal.d:
    java.util.Map callbacks -> a
    java.util.Map staticCallbacks -> b
    com.facebook.internal.CallbackManagerImpl$Callback getStaticCallback(java.lang.Integer) -> a
    boolean onActivityResult(int,int,android.content.Intent) -> a
    void registerCallback(int,com.facebook.internal.CallbackManagerImpl$Callback) -> a
    void registerStaticCallback(int,com.facebook.internal.CallbackManagerImpl$Callback) -> b
    boolean runStaticCallback(int,int,android.content.Intent) -> b
com.facebook.internal.CallbackManagerImpl$Callback -> com.facebook.internal.d$a:
    boolean onActivityResult(int,android.content.Intent) -> a
com.facebook.internal.CallbackManagerImpl$RequestCodeOffset -> com.facebook.internal.d$b:
    com.facebook.internal.CallbackManagerImpl$RequestCodeOffset DeviceShare -> o
    com.facebook.internal.CallbackManagerImpl$RequestCodeOffset AppInvite -> n
    com.facebook.internal.CallbackManagerImpl$RequestCodeOffset Message -> i
    int offset -> f
    com.facebook.internal.CallbackManagerImpl$RequestCodeOffset Share -> h
    com.facebook.internal.CallbackManagerImpl$RequestCodeOffset Login -> g
    com.facebook.internal.CallbackManagerImpl$RequestCodeOffset[] $VALUES -> p
    com.facebook.internal.CallbackManagerImpl$RequestCodeOffset AppGroupJoin -> m
    com.facebook.internal.CallbackManagerImpl$RequestCodeOffset AppGroupCreate -> l
    com.facebook.internal.CallbackManagerImpl$RequestCodeOffset GameRequest -> k
    com.facebook.internal.CallbackManagerImpl$RequestCodeOffset Like -> j
    int toRequestCode() -> a
com.facebook.internal.CustomTab -> com.facebook.internal.e:
    android.net.Uri uri -> a
    void openCustomTab(android.app.Activity,java.lang.String) -> a
com.facebook.internal.FacebookDialogFragment -> com.facebook.internal.f:
    android.app.Dialog dialog -> n0
    void onDestroyView() -> Q
    void onResume() -> T
    void access$000(com.facebook.internal.FacebookDialogFragment,android.os.Bundle,com.facebook.FacebookException) -> a
    void access$100(com.facebook.internal.FacebookDialogFragment,android.os.Bundle) -> a
    void onCompleteWebDialog(android.os.Bundle,com.facebook.FacebookException) -> a
    void setDialog(android.app.Dialog) -> a
    void onCreate(android.os.Bundle) -> c
    android.app.Dialog onCreateDialog(android.os.Bundle) -> n
    void onCompleteWebFallbackDialog(android.os.Bundle) -> o
com.facebook.internal.FacebookDialogFragment$1 -> com.facebook.internal.f$a:
    com.facebook.internal.FacebookDialogFragment this$0 -> a
    void onComplete(android.os.Bundle,com.facebook.FacebookException) -> a
com.facebook.internal.FacebookDialogFragment$2 -> com.facebook.internal.f$b:
    com.facebook.internal.FacebookDialogFragment this$0 -> a
    void onComplete(android.os.Bundle,com.facebook.FacebookException) -> a
com.facebook.internal.FacebookInitProvider -> com.facebook.internal.FacebookInitProvider:
    java.lang.String TAG -> f